  pch.cpp
  dllmain.cpp
D:\проги\Dll1\Dll1\dllmain.cpp(33,15): warning C4477: "wprintf_s": в строке форматирования "%d" требуется аргумент типа "int", но вариативный аргумент "4" имеет тип "int *"
D:\проги\Dll1\Dll1\dllmain.cpp(33,15): warning C4313: wprintf_s: конфликт "%d" в строке формата с аргументом 4 типа "int *"
D:\проги\Dll1\Dll1\dllmain.cpp(33,15): warning C4477: "wprintf_s": в строке форматирования "%d" требуется аргумент типа "int", но вариативный аргумент "5" имеет тип "int *"
D:\проги\Dll1\Dll1\dllmain.cpp(33,15): warning C4313: wprintf_s: конфликт "%d" в строке формата с аргументом 5 типа "int *"
D:\проги\Dll1\Dll1\dllmain.cpp(33,15): warning C4477: "wprintf_s": в строке форматирования "%d" требуется аргумент типа "int", но вариативный аргумент "6" имеет тип "int *"
D:\проги\Dll1\Dll1\dllmain.cpp(33,15): warning C4313: wprintf_s: конфликт "%d" в строке формата с аргументом 6 типа "int *"
D:\проги\Dll1\Dll1\dllmain.cpp(48,15): warning C4477: "wprintf_s": в строке форматирования "%d" требуется аргумент типа "int", но вариативный аргумент "4" имеет тип "int *"
D:\проги\Dll1\Dll1\dllmain.cpp(48,15): warning C4313: wprintf_s: конфликт "%d" в строке формата с аргументом 4 типа "int *"
D:\проги\Dll1\Dll1\dllmain.cpp(48,15): warning C4477: "wprintf_s": в строке форматирования "%d" требуется аргумент типа "int", но вариативный аргумент "5" имеет тип "int *"
D:\проги\Dll1\Dll1\dllmain.cpp(48,15): warning C4313: wprintf_s: конфликт "%d" в строке формата с аргументом 5 типа "int *"
D:\проги\Dll1\Dll1\dllmain.cpp(62,15): warning C4477: "wprintf_s": в строке форматирования "%d" требуется аргумент типа "int", но вариативный аргумент "4" имеет тип "int *"
D:\проги\Dll1\Dll1\dllmain.cpp(62,15): warning C4313: wprintf_s: конфликт "%d" в строке формата с аргументом 4 типа "int *"
D:\проги\Dll1\Dll1\dllmain.cpp(62,15): warning C4477: "wprintf_s": в строке форматирования "%d" требуется аргумент типа "int", но вариативный аргумент "5" имеет тип "int *"
D:\проги\Dll1\Dll1\dllmain.cpp(62,15): warning C4313: wprintf_s: конфликт "%d" в строке формата с аргументом 5 типа "int *"
D:\проги\Dll1\Dll1\dllmain.cpp(62,15): warning C4477: "wprintf_s": в строке форматирования "%d" требуется аргумент типа "int", но вариативный аргумент "6" имеет тип "int *"
D:\проги\Dll1\Dll1\dllmain.cpp(62,15): warning C4313: wprintf_s: конфликт "%d" в строке формата с аргументом 6 типа "int *"
D:\проги\Dll1\Dll1\dllmain.cpp(83,28): warning C4474: "wprintf_s" : для строки формата передано слишком много аргументов
D:\проги\Dll1\Dll1\dllmain.cpp(83,28): message : заполнители и их параметры ожидают переменное число аргументов в количестве 1, но было предоставлено 2
     Создается библиотека D:\проги\Dll1\x64\Debug\Dll1.lib и объект D:\проги\Dll1\x64\Debug\Dll1.exp
  Dll1.vcxproj -> D:\проги\Dll1\x64\Debug\Dll1.dll
